<?xml version="1.0" encoding="UTF-8"?><testsuite errors="0" failures="0" name="way2automation.features.DropdownTest" skipped="0" tests="6" time="79.61" timestamp="2019-10-11T13:23:42.296+03:00[Europe/Athens]"><testcase classname="way2automation.features.DropdownTest" name="Enter an existing country in frame two"/><testcase classname="way2automation.features.DropdownTest" name="Enter special characters for country input in frame two"/><testcase classname="way2automation.features.DropdownTest" name="Search for an existing country in dropdown in frame one"/><testcase classname="way2automation.features.DropdownTest" name="Enter numbers for country input in frame two"/><testcase classname="way2automation.features.DropdownTest" name="Enter capital letters existing country in frame two"/><testcase classname="way2automation.features.DropdownTest" name="Enter lower case existing country in frame two"/></testsuite>