<?xml version="1.0" encoding="UTF-8"?><testsuite errors="0" failures="1" name="way2automation.features.DropdownTest" skipped="0" tests="1" time="21.89" timestamp="2019-10-14T13:31:07.341+03:00[Europe/Athens]"><testcase classname="way2automation.features.DropdownTest" name="Search for an inexistent country in dropdown in frame one"><failure message="Not in the list" type="java.lang.AssertionError">Not in the list</failure><system-err>Not in the list&#13;
way2automation.pages.DropdownPage.selectCountryDropdown(DropdownPage.java:74)&#13;
way2automation.steps.DropdownSteps.chooseCountryFromDropdown(DropdownSteps.java:23)&#13;
way2automation.features.DropdownTest.searchForAnInexistentCountryInDropdownInFrameOne(DropdownTest.java:39)&#13;
</system-err></testcase></testsuite>