<?xml version="1.0" encoding="UTF-8" standalone="no"?><testsuite errors="2" failures="0" name="way2automation.features.RegisterTest" skipped="0" tests="3" time="33.42" timestamp="2023-12-14 10:40:45"><testcase classname="way2automation.features.RegisterTest" name="Submit empty registration form"><error message="Could not start a new session. Response code 500. Message: session not created: cannot process extension #1&#10;from unknown error: cannot unzip &#10;Host info: host: 'EVO393L', ip: '10.248.0.204'&#10;Build info: version: '4.8.0', revision: '267030adea'&#10;System info: os.name: 'Windows 10', os.arch: 'amd64', os.version: '10.0', java.version: '1.8.0_301'&#10;Driver info: org.openqa.selenium.chrome.ChromeDriver&#10;Command: [null, newSession {capabilities=[Capabilities {browserName: chrome, goog:chromeOptions: {args: [--remote-allow-origins=*], extensions: [TVp4AAEAAAAEAAAAAAAAAAAAAAA...]}}], desiredCapabilities=Capabilities {browserName: chrome, goog:chromeOptions: {args: [--remote-allow-origins=*], extensions: [TVp4AAEAAAAEAAAAAAAAAAAAAAA...]}}}]" type="org.openqa.selenium.SessionNotCreatedException">Could not start a new session. Response code 500. Message: session not created: cannot process extension #1
from unknown error: cannot unzip 
Host info: host: 'EVO393L', ip: '10.248.0.204'
Build info: version: '4.8.0', revision: '267030adea'
System info: os.name: 'Windows 10', os.arch: 'amd64', os.version: '10.0', java.version: '1.8.0_301'
Driver info: org.openqa.selenium.chrome.ChromeDriver
Command: [null, newSession {capabilities=[Capabilities {browserName: chrome, goog:chromeOptions: {args: [--remote-allow-origins=*], extensions: [TVp4AAEAAAAEAAAAAAAAAAAAAAA...]}}], desiredCapabilities=Capabilities {browserName: chrome, goog:chromeOptions: {args: [--remote-allow-origins=*], extensions: [TVp4AAEAAAAEAAAAAAAAAAAAAAA...]}}}]</error><system-err>Could not start a new session. Response code 500. Message: session not created: cannot process extension #1
from unknown error: cannot unzip 
Host info: host: 'EVO393L', ip: '10.248.0.204'
Build info: version: '4.8.0', revision: '267030adea'
System info: os.name: 'Windows 10', os.arch: 'amd64', os.version: '10.0', java.version: '1.8.0_301'
Driver info: org.openqa.selenium.chrome.ChromeDriver
Command: [null, newSession {capabilities=[Capabilities {browserName: chrome, goog:chromeOptions: {args: [--remote-allow-origins=*], extensions: [TVp4AAEAAAAEAAAAAAAAAAAAAAA...]}}], desiredCapabilities=Capabilities {browserName: chrome, goog:chromeOptions: {args: [--remote-allow-origins=*], extensions: [TVp4AAEAAAAEAAAAAAAAAAAAAAA...]}}}]&#13;
way2automation.pages.AbstractPage.windowMaximize(AbstractPage.java:25)&#13;
way2automation.steps.LoginThroughModalSteps.openLogin(LoginThroughModalSteps.java:15)&#13;
way2automation.features.LoginThroughModalTest.loginWithExistingAccount(LoginThroughModalTest.java:35)&#13;
way2automation.features.RegisterTest.submitEmptyRegistrationForm(RegisterTest.java:24)&#13;
</system-err></testcase><testcase classname="way2automation.features.RegisterTest" name="Submit valid data for all fields"><error message="Could not start a new session. Response code 500. Message: session not created: cannot process extension #1&#10;from unknown error: cannot unzip &#10;Host info: host: 'EVO393L', ip: '10.248.0.204'&#10;Build info: version: '4.8.0', revision: '267030adea'&#10;System info: os.name: 'Windows 10', os.arch: 'amd64', os.version: '10.0', java.version: '1.8.0_301'&#10;Driver info: org.openqa.selenium.chrome.ChromeDriver&#10;Command: [null, newSession {capabilities=[Capabilities {browserName: chrome, goog:chromeOptions: {args: [--remote-allow-origins=*], extensions: [TVp4AAEAAAAEAAAAAAAAAAAAAAA...]}}], desiredCapabilities=Capabilities {browserName: chrome, goog:chromeOptions: {args: [--remote-allow-origins=*], extensions: [TVp4AAEAAAAEAAAAAAAAAAAAAAA...]}}}]" type="org.openqa.selenium.SessionNotCreatedException">Could not start a new session. Response code 500. Message: session not created: cannot process extension #1
from unknown error: cannot unzip 
Host info: host: 'EVO393L', ip: '10.248.0.204'
Build info: version: '4.8.0', revision: '267030adea'
System info: os.name: 'Windows 10', os.arch: 'amd64', os.version: '10.0', java.version: '1.8.0_301'
Driver info: org.openqa.selenium.chrome.ChromeDriver
Command: [null, newSession {capabilities=[Capabilities {browserName: chrome, goog:chromeOptions: {args: [--remote-allow-origins=*], extensions: [TVp4AAEAAAAEAAAAAAAAAAAAAAA...]}}], desiredCapabilities=Capabilities {browserName: chrome, goog:chromeOptions: {args: [--remote-allow-origins=*], extensions: [TVp4AAEAAAAEAAAAAAAAAAAAAAA...]}}}]</error><system-err>Could not start a new session. Response code 500. Message: session not created: cannot process extension #1
from unknown error: cannot unzip 
Host info: host: 'EVO393L', ip: '10.248.0.204'
Build info: version: '4.8.0', revision: '267030adea'
System info: os.name: 'Windows 10', os.arch: 'amd64', os.version: '10.0', java.version: '1.8.0_301'
Driver info: org.openqa.selenium.chrome.ChromeDriver
Command: [null, newSession {capabilities=[Capabilities {browserName: chrome, goog:chromeOptions: {args: [--remote-allow-origins=*], extensions: [TVp4AAEAAAAEAAAAAAAAAAAAAAA...]}}], desiredCapabilities=Capabilities {browserName: chrome, goog:chromeOptions: {args: [--remote-allow-origins=*], extensions: [TVp4AAEAAAAEAAAAAAAAAAAAAAA...]}}}]&#13;
way2automation.pages.AbstractPage.windowMaximize(AbstractPage.java:25)&#13;
way2automation.steps.LoginThroughModalSteps.openLogin(LoginThroughModalSteps.java:15)&#13;
way2automation.features.LoginThroughModalTest.loginWithExistingAccount(LoginThroughModalTest.java:35)&#13;
way2automation.features.RegisterTest.submitValidDataForAllFields(RegisterTest.java:32)&#13;
</system-err></testcase><testcase classname="way2automation.features.RegisterTest" name="Submit two hobbies and rest of fields"/></testsuite>