<?xml version="1.0" encoding="UTF-8" standalone="no"?><testsuite errors="2" failures="0" name="way2automation.features.RegisterTest" skipped="0" tests="3" time="19.43" timestamp="2023-12-14 05:11:57"><testcase classname="way2automation.features.RegisterTest" name="Submit empty registration form"><error message="element not interactable&#10;  (Session info: chrome=120.0.6099.71)&#10;Build info: version: '4.9.0', revision: 'd7057100a6'&#10;System info: os.name: 'Windows 10', os.arch: 'amd64', os.version: '10.0', java.version: '1.8.0_301'&#10;Driver info: org.openqa.selenium.chrome.ChromeDriver&#10;Command: [cf20edf0c866a3d86f497385449d8eac, clickElement {id=79068EF3BB9BF1B803E238E337676889_element_49}]&#10;Capabilities {acceptInsecureCerts: false, browserName: chrome, browserVersion: 120.0.6099.71, chrome: {chromedriverVersion: 120.0.6099.71 (9729082fe617..., userDataDir: C:\Users\SIMONA~1\AppData\L...}, fedcm:accounts: true, goog:chromeOptions: {debuggerAddress: localhost:62401}, networkConnectionEnabled: false, pageLoadStrategy: normal, platformName: WINDOWS, proxy: Proxy(), se:cdp: ws://localhost:62401/devtoo..., se:cdpVersion: 120.0.6099.71, setWindowRect: true, strictFileInteractability: false, timeouts: {implicit: 0, pageLoad: 300000, script: 30000}, unhandledPromptBehavior: dismiss and notify, webauthn:extension:credBlob: true, webauthn:extension:largeBlob: true, webauthn:extension:minPinLength: true, webauthn:extension:prf: true, webauthn:virtualAuthenticators: true}&#10;Element: [[ChromeDriver: chrome on WINDOWS (cf20edf0c866a3d86f497385449d8eac)] -&gt; css selector: .row div:nth-child(5) ul li a[href*=&quot;registration.php&quot;]]&#10;Session ID: cf20edf0c866a3d86f497385449d8eac" type="org.openqa.selenium.ElementNotInteractableException">element not interactable
  (Session info: chrome=120.0.6099.71)
Build info: version: '4.9.0', revision: 'd7057100a6'
System info: os.name: 'Windows 10', os.arch: 'amd64', os.version: '10.0', java.version: '1.8.0_301'
Driver info: org.openqa.selenium.chrome.ChromeDriver
Command: [cf20edf0c866a3d86f497385449d8eac, clickElement {id=79068EF3BB9BF1B803E238E337676889_element_49}]
Capabilities {acceptInsecureCerts: false, browserName: chrome, browserVersion: 120.0.6099.71, chrome: {chromedriverVersion: 120.0.6099.71 (9729082fe617..., userDataDir: C:\Users\SIMONA~1\AppData\L...}, fedcm:accounts: true, goog:chromeOptions: {debuggerAddress: localhost:62401}, networkConnectionEnabled: false, pageLoadStrategy: normal, platformName: WINDOWS, proxy: Proxy(), se:cdp: ws://localhost:62401/devtoo..., se:cdpVersion: 120.0.6099.71, setWindowRect: true, strictFileInteractability: false, timeouts: {implicit: 0, pageLoad: 300000, script: 30000}, unhandledPromptBehavior: dismiss and notify, webauthn:extension:credBlob: true, webauthn:extension:largeBlob: true, webauthn:extension:minPinLength: true, webauthn:extension:prf: true, webauthn:virtualAuthenticators: true}
Element: [[ChromeDriver: chrome on WINDOWS (cf20edf0c866a3d86f497385449d8eac)] -&gt; css selector: .row div:nth-child(5) ul li a[href*="registration.php"]]
Session ID: cf20edf0c866a3d86f497385449d8eac</error><system-err>element not interactable
  (Session info: chrome=120.0.6099.71)
Build info: version: '4.9.0', revision: 'd7057100a6'
System info: os.name: 'Windows 10', os.arch: 'amd64', os.version: '10.0', java.version: '1.8.0_301'
Driver info: org.openqa.selenium.chrome.ChromeDriver
Command: [cf20edf0c866a3d86f497385449d8eac, clickElement {id=79068EF3BB9BF1B803E238E337676889_element_49}]
Capabilities {acceptInsecureCerts: false, browserName: chrome, browserVersion: 120.0.6099.71, chrome: {chromedriverVersion: 120.0.6099.71 (9729082fe617..., userDataDir: C:\Users\SIMONA~1\AppData\L...}, fedcm:accounts: true, goog:chromeOptions: {debuggerAddress: localhost:62401}, networkConnectionEnabled: false, pageLoadStrategy: normal, platformName: WINDOWS, proxy: Proxy(), se:cdp: ws://localhost:62401/devtoo..., se:cdpVersion: 120.0.6099.71, setWindowRect: true, strictFileInteractability: false, timeouts: {implicit: 0, pageLoad: 300000, script: 30000}, unhandledPromptBehavior: dismiss and notify, webauthn:extension:credBlob: true, webauthn:extension:largeBlob: true, webauthn:extension:minPinLength: true, webauthn:extension:prf: true, webauthn:virtualAuthenticators: true}
Element: [[ChromeDriver: chrome on WINDOWS (cf20edf0c866a3d86f497385449d8eac)] -&gt; css selector: .row div:nth-child(5) ul li a[href*="registration.php"]]
Session ID: cf20edf0c866a3d86f497385449d8eac&#13;
way2automation.pages.WebsiteForTestingSeleniumPage.clickOnBoxRegistration(WebsiteForTestingSeleniumPage.java:115)&#13;
way2automation.steps.RegisterSteps.currentPageIsRegistration(RegisterSteps.java:13)&#13;
way2automation.features.RegisterTest.submitEmptyRegistrationForm(RegisterTest.java:25)&#13;
</system-err></testcase><testcase classname="way2automation.features.RegisterTest" name="Submit valid data for all fields"><error message="element not interactable&#10;  (Session info: chrome=120.0.6099.71)&#10;Build info: version: '4.9.0', revision: 'd7057100a6'&#10;System info: os.name: 'Windows 10', os.arch: 'amd64', os.version: '10.0', java.version: '1.8.0_301'&#10;Driver info: org.openqa.selenium.chrome.ChromeDriver&#10;Command: [cf20edf0c866a3d86f497385449d8eac, clickElement {id=7BB6104A194E7318713C3C2FDDF189C9_element_113}]&#10;Capabilities {acceptInsecureCerts: false, browserName: chrome, browserVersion: 120.0.6099.71, chrome: {chromedriverVersion: 120.0.6099.71 (9729082fe617..., userDataDir: C:\Users\SIMONA~1\AppData\L...}, fedcm:accounts: true, goog:chromeOptions: {debuggerAddress: localhost:62401}, networkConnectionEnabled: false, pageLoadStrategy: normal, platformName: WINDOWS, proxy: Proxy(), se:cdp: ws://localhost:62401/devtoo..., se:cdpVersion: 120.0.6099.71, setWindowRect: true, strictFileInteractability: false, timeouts: {implicit: 0, pageLoad: 300000, script: 30000}, unhandledPromptBehavior: dismiss and notify, webauthn:extension:credBlob: true, webauthn:extension:largeBlob: true, webauthn:extension:minPinLength: true, webauthn:extension:prf: true, webauthn:virtualAuthenticators: true}&#10;Element: [[ChromeDriver: chrome on WINDOWS (cf20edf0c866a3d86f497385449d8eac)] -&gt; css selector: .row div:nth-child(5) ul li a[href*=&quot;registration.php&quot;]]&#10;Session ID: cf20edf0c866a3d86f497385449d8eac" type="org.openqa.selenium.ElementNotInteractableException">element not interactable
  (Session info: chrome=120.0.6099.71)
Build info: version: '4.9.0', revision: 'd7057100a6'
System info: os.name: 'Windows 10', os.arch: 'amd64', os.version: '10.0', java.version: '1.8.0_301'
Driver info: org.openqa.selenium.chrome.ChromeDriver
Command: [cf20edf0c866a3d86f497385449d8eac, clickElement {id=7BB6104A194E7318713C3C2FDDF189C9_element_113}]
Capabilities {acceptInsecureCerts: false, browserName: chrome, browserVersion: 120.0.6099.71, chrome: {chromedriverVersion: 120.0.6099.71 (9729082fe617..., userDataDir: C:\Users\SIMONA~1\AppData\L...}, fedcm:accounts: true, goog:chromeOptions: {debuggerAddress: localhost:62401}, networkConnectionEnabled: false, pageLoadStrategy: normal, platformName: WINDOWS, proxy: Proxy(), se:cdp: ws://localhost:62401/devtoo..., se:cdpVersion: 120.0.6099.71, setWindowRect: true, strictFileInteractability: false, timeouts: {implicit: 0, pageLoad: 300000, script: 30000}, unhandledPromptBehavior: dismiss and notify, webauthn:extension:credBlob: true, webauthn:extension:largeBlob: true, webauthn:extension:minPinLength: true, webauthn:extension:prf: true, webauthn:virtualAuthenticators: true}
Element: [[ChromeDriver: chrome on WINDOWS (cf20edf0c866a3d86f497385449d8eac)] -&gt; css selector: .row div:nth-child(5) ul li a[href*="registration.php"]]
Session ID: cf20edf0c866a3d86f497385449d8eac</error><system-err>element not interactable
  (Session info: chrome=120.0.6099.71)
Build info: version: '4.9.0', revision: 'd7057100a6'
System info: os.name: 'Windows 10', os.arch: 'amd64', os.version: '10.0', java.version: '1.8.0_301'
Driver info: org.openqa.selenium.chrome.ChromeDriver
Command: [cf20edf0c866a3d86f497385449d8eac, clickElement {id=7BB6104A194E7318713C3C2FDDF189C9_element_113}]
Capabilities {acceptInsecureCerts: false, browserName: chrome, browserVersion: 120.0.6099.71, chrome: {chromedriverVersion: 120.0.6099.71 (9729082fe617..., userDataDir: C:\Users\SIMONA~1\AppData\L...}, fedcm:accounts: true, goog:chromeOptions: {debuggerAddress: localhost:62401}, networkConnectionEnabled: false, pageLoadStrategy: normal, platformName: WINDOWS, proxy: Proxy(), se:cdp: ws://localhost:62401/devtoo..., se:cdpVersion: 120.0.6099.71, setWindowRect: true, strictFileInteractability: false, timeouts: {implicit: 0, pageLoad: 300000, script: 30000}, unhandledPromptBehavior: dismiss and notify, webauthn:extension:credBlob: true, webauthn:extension:largeBlob: true, webauthn:extension:minPinLength: true, webauthn:extension:prf: true, webauthn:virtualAuthenticators: true}
Element: [[ChromeDriver: chrome on WINDOWS (cf20edf0c866a3d86f497385449d8eac)] -&gt; css selector: .row div:nth-child(5) ul li a[href*="registration.php"]]
Session ID: cf20edf0c866a3d86f497385449d8eac&#13;
way2automation.pages.WebsiteForTestingSeleniumPage.clickOnBoxRegistration(WebsiteForTestingSeleniumPage.java:115)&#13;
way2automation.steps.RegisterSteps.currentPageIsRegistration(RegisterSteps.java:13)&#13;
way2automation.features.RegisterTest.submitValidDataForAllFields(RegisterTest.java:33)&#13;
</system-err></testcase><testcase classname="way2automation.features.RegisterTest" name="Submit two hobbies and rest of fields"/></testsuite>