<?xml version="1.0" encoding="UTF-8"?><testsuite errors="1" failures="0" name="way2automation.RegisterTest" skipped="0" tests="1" time="19.27" timestamp="2019-05-08T14:33:56.758+03:00[Europe/Athens]"><testcase classname="way2automation.RegisterTest" name="Submit default country and new account with valid required fields"><error message="The following error occurred: Expected condition failed: waiting for RegisterPage.messageText to be displayed (tried for 5 second(s) with 100 MILLISECONDS interval)&#10;Build info: version: '3.7.1', revision: '8a0099a', time: '2017-11-06T21:01:39.354Z'&#10;System info: host: 'EVO215', ip: '10.0.75.1', os.name: 'Windows 10', os.arch: 'amd64', os.version: '10.0', java.version: '1.8.0_171'&#10;Driver info: driver.version: unknown" type="org.openqa.selenium.NoSuchElementException">The following error occurred: Expected condition failed: waiting for RegisterPage.messageText to be displayed (tried for 5 second(s) with 100 MILLISECONDS interval)
Build info: version: '3.7.1', revision: '8a0099a', time: '2017-11-06T21:01:39.354Z'
System info: host: 'EVO215', ip: '10.0.75.1', os.name: 'Windows 10', os.arch: 'amd64', os.version: '10.0', java.version: '1.8.0_171'
Driver info: driver.version: unknown</error><system-err>The following error occurred: Expected condition failed: waiting for RegisterPage.messageText to be displayed (tried for 5 second(s) with 100 MILLISECONDS interval)
Build info: version: '3.7.1', revision: '8a0099a', time: '2017-11-06T21:01:39.354Z'
System info: host: 'EVO215', ip: '10.0.75.1', os.name: 'Windows 10', os.arch: 'amd64', os.version: '10.0', java.version: '1.8.0_171'
Driver info: driver.version: unknown&#13;
way2automation.RegisterPage.verifyWarningMessage(RegisterPage.java:84)&#13;
way2automation.RegisterSteps.submitRegistrationForm(RegisterSteps.java:31)&#13;
way2automation.RegisterTest.submitDefaultCountryAndNewAccountWithValidRequiredFields(RegisterTest.java:40)&#13;
</system-err></testcase></testsuite>