<?xml version="1.0" encoding="UTF-8"?><testsuite errors="0" failures="1" name="way2automation.features.LoginThroughModalTest" skipped="0" tests="1" time="18.61" timestamp="2019-05-14T16:43:36.349+03:00[Europe/Athens]"><testcase classname="way2automation.features.LoginThroughModalTest" name="Login with no credentials"><failure message="Home link is visible and clickable" type="java.lang.AssertionError">Home link is visible and clickable</failure><system-err>Home link is visible and clickable&#13;
way2automation.pages.LoginThroughModalPage.navigationHomeLinkVisible(LoginThroughModalPage.java:60)&#13;
way2automation.steps.LoginThroughModalSteps.submitLoginForm(LoginThroughModalSteps.java:22)&#13;
way2automation.features.LoginThroughModalTest.loginWithNoCredentials(LoginThroughModalTest.java:24)&#13;
</system-err></testcase></testsuite>